Valve AA has flow rate=0; tunnels lead to valves DD, II, BB
Valve BB has flow rate=13; tunnels lead to valves CC, AA
Valve CC has flow rate=2; tunnels lead to valves DD, BB
Valve DD has flow rate=20; tunnels lead to valves CC, AA, EE
Valve EE has flow rate=3; tunnels lead to valves FF, DD
Valve FF has flow rate=0; tunnels lead to valves EE, GG
Valve GG has flow rate=0; tunnels lead to valves FF, HH
Valve HH has flow rate=22; tunnel leads to valve GG
Valve II has flow rate=0; tunnels lead to valves AA, JJ
Valve JJ has flow rate=21; tunnel leads to valve II

1 = move to BB
2 = open BB
3,4,5,6,7,8,9,10,11,12,13,14,15,16,17,18,19,20,21,22,23,24,25,26,27,28,29,30

4,5,6,7,8,9,10,11,12,13,14,15,16,17,18,19,20,21,22,23,24,25,26,27,28,29,30

get_top_score()
    dfs_top_score (AA, num_min=0, score=0, path)
        traverse valve_cost:       {'BB': 1, 'CC': 2, 'DD': 1, 'EE': 2, 'HH': 5, 'JJ': 2}
            num_min += x.valve_cost = 0+1 = 1
            |
            dfs_top_score (BB, num_min=1, score=0, path)
                BB.open
                num_open += 1 // 1
                num_min += 1    // 2
                SCORE += 13*(30-2) = 13*28 = 364
                max_score = 364
                traverse valve_cost: {'CC': 1, 'DD': 2, 'EE': 3, 'HH': 6, 'JJ': 3}
                    CC.open
                    num_open += 1 // 2
                    num_min += 1 // 3
                    SCORE == x.flow_rate * (30-num_min) = 



Solution= dbg=False max_score=0 num_valves_with_flow_rate=6 num_open_valves=0 start=AA
valves=
name=AA, flow_rate=0, open=False, valve_list=['DD', 'II', 'BB'], cost_map={'BB': 1, 'CC': 2, 'DD': 1, 'EE': 2, 'HH': 5, 'JJ': 2}
name=BB, flow_rate=13, open=False, valve_list=['CC', 'AA'], cost_map={'CC': 1, 'DD': 2, 'EE': 3, 'HH': 6, 'JJ': 3}
name=CC, flow_rate=2, open=False, valve_list=['DD', 'BB'], cost_map={'BB': 1, 'DD': 1, 'EE': 2, 'HH': 5, 'JJ': 4}
name=DD, flow_rate=20, open=False, valve_list=['CC', 'AA', 'EE'], cost_map={'BB': 2, 'CC': 1, 'EE': 1, 'HH': 4, 'JJ': 3}
name=EE, flow_rate=3, open=False, valve_list=['FF', 'DD'], cost_map={'BB': 3, 'CC': 2, 'DD': 1, 'HH': 3, 'JJ': 4}
name=FF, flow_rate=0, open=False, valve_list=['EE', 'GG'], cost_map={}
name=GG, flow_rate=0, open=False, valve_list=['FF', 'HH'], cost_map={}
name=HH, flow_rate=22, open=False, valve_list=['GG'], cost_map={'BB': 6, 'CC': 5, 'DD': 4, 'EE': 3, 'JJ': 7}
name=II, flow_rate=0, open=False, valve_list=['AA', 'JJ'], cost_map={}
name=JJ, flow_rate=21, open=False, valve_list=['II'], cost_map={'BB': 3, 'CC': 4, 'DD': 3, 'EE': 4, 'HH': 7}

max_score= 1649
max_path= ['AA', 'BB', 'CC', 'DD', 'EE', 'HH', 'JJ']
